{"/Users/salvadormachta/Documentos/GSM-APP/routes/payments.js": {"path":"/Users/salvadormachta/Documentos/GSM-APP/routes/payments.js","statementMap":{"0":{"start":{"line":1,"column":16},"end":{"line":1,"column":34}},"1":{"start":{"line":2,"column":15},"end":{"line":2,"column":32}},"2":{"start":{"line":3,"column":15},"end":{"line":3,"column":31}},"3":{"start":{"line":4,"column":19},"end":{"line":4,"column":44}},"4":{"start":{"line":5,"column":41},"end":{"line":5,"column":73}},"5":{"start":{"line":6,"column":19},"end":{"line":6,"column":52}},"6":{"start":{"line":8,"column":28},"end":{"line":8,"column":66}},"7":{"start":{"line":9,"column":14},"end":{"line":27,"column":1}},"8":{"start":{"line":28,"column":23},"end":{"line":38,"column":1}},"9":{"start":{"line":40,"column":27},"end":{"line":41,"column":43}},"10":{"start":{"line":41,"column":2},"end":{"line":41,"column":43}},"11":{"start":{"line":44,"column":2},"end":{"line":44,"column":24}},"12":{"start":{"line":44,"column":12},"end":{"line":44,"column":24}},"13":{"start":{"line":45,"column":14},"end":{"line":45,"column":38}},"14":{"start":{"line":46,"column":2},"end":{"line":46,"column":37}},"15":{"start":{"line":50,"column":2},"end":{"line":50,"column":24}},"16":{"start":{"line":50,"column":12},"end":{"line":50,"column":24}},"17":{"start":{"line":51,"column":16},"end":{"line":51,"column":40}},"18":{"start":{"line":52,"column":16},"end":{"line":52,"column":70}},"19":{"start":{"line":52,"column":41},"end":{"line":52,"column":69}},"20":{"start":{"line":54,"column":2},"end":{"line":54,"column":26}},"21":{"start":{"line":54,"column":13},"end":{"line":54,"column":26}},"22":{"start":{"line":56,"column":18},"end":{"line":58,"column":3}},"23":{"start":{"line":57,"column":14},"end":{"line":57,"column":86}},"24":{"start":{"line":60,"column":2},"end":{"line":60,"column":25}},"25":{"start":{"line":63,"column":15},"end":{"line":73,"column":2}},"26":{"start":{"line":67,"column":4},"end":{"line":71,"column":5}},"27":{"start":{"line":68,"column":6},"end":{"line":68,"column":21}},"28":{"start":{"line":70,"column":6},"end":{"line":70,"column":62}},"29":{"start":{"line":76,"column":0},"end":{"line":88,"column":3}},"30":{"start":{"line":77,"column":23},"end":{"line":77,"column":33}},"31":{"start":{"line":79,"column":2},"end":{"line":87,"column":3}},"32":{"start":{"line":80,"column":21},"end":{"line":83,"column":5}},"33":{"start":{"line":84,"column":4},"end":{"line":84,"column":31}},"34":{"start":{"line":86,"column":4},"end":{"line":86,"column":51}},"35":{"start":{"line":91,"column":0},"end":{"line":133,"column":3}},"36":{"start":{"line":92,"column":17},"end":{"line":92,"column":48}},"37":{"start":{"line":94,"column":2},"end":{"line":96,"column":3}},"38":{"start":{"line":95,"column":4},"end":{"line":95,"column":63}},"39":{"start":{"line":98,"column":24},"end":{"line":98,"column":43}},"40":{"start":{"line":99,"column":23},"end":{"line":99,"column":70}},"41":{"start":{"line":101,"column":2},"end":{"line":103,"column":3}},"42":{"start":{"line":102,"column":4},"end":{"line":102,"column":58}},"43":{"start":{"line":105,"column":2},"end":{"line":132,"column":3}},"44":{"start":{"line":106,"column":16},"end":{"line":126,"column":5}},"45":{"start":{"line":128,"column":21},"end":{"line":128,"column":58}},"46":{"start":{"line":129,"column":4},"end":{"line":129,"column":31}},"47":{"start":{"line":131,"column":4},"end":{"line":131,"column":14}},"48":{"start":{"line":136,"column":0},"end":{"line":202,"column":3}},"49":{"start":{"line":137,"column":2},"end":{"line":139,"column":3}},"50":{"start":{"line":138,"column":4},"end":{"line":138,"column":63}},"51":{"start":{"line":153,"column":6},"end":{"line":153,"column":14}},"52":{"start":{"line":155,"column":2},"end":{"line":157,"column":3}},"53":{"start":{"line":156,"column":4},"end":{"line":156,"column":70}},"54":{"start":{"line":159,"column":20},"end":{"line":159,"column":43}},"55":{"start":{"line":160,"column":19},"end":{"line":160,"column":28}},"56":{"start":{"line":161,"column":21},"end":{"line":161,"column":23}},"57":{"start":{"line":162,"column":14},"end":{"line":162,"column":15}},"58":{"start":{"line":165,"column":17},"end":{"line":179,"column":3}},"59":{"start":{"line":181,"column":2},"end":{"line":188,"column":3}},"60":{"start":{"line":182,"column":4},"end":{"line":187,"column":5}},"61":{"start":{"line":183,"column":6},"end":{"line":183,"column":32}},"62":{"start":{"line":184,"column":6},"end":{"line":184,"column":34}},"63":{"start":{"line":185,"column":6},"end":{"line":185,"column":29}},"64":{"start":{"line":186,"column":6},"end":{"line":186,"column":14}},"65":{"start":{"line":191,"column":2},"end":{"line":191,"column":48}},"66":{"start":{"line":192,"column":2},"end":{"line":192,"column":58}},"67":{"start":{"line":194,"column":21},"end":{"line":194,"column":45}},"68":{"start":{"line":196,"column":2},"end":{"line":201,"column":3}},"69":{"start":{"line":197,"column":21},"end":{"line":197,"column":69}},"70":{"start":{"line":198,"column":4},"end":{"line":198,"column":34}},"71":{"start":{"line":200,"column":4},"end":{"line":200,"column":51}},"72":{"start":{"line":206,"column":0},"end":{"line":246,"column":3}},"73":{"start":{"line":207,"column":2},"end":{"line":209,"column":3}},"74":{"start":{"line":208,"column":4},"end":{"line":208,"column":63}},"75":{"start":{"line":211,"column":2},"end":{"line":213,"column":3}},"76":{"start":{"line":212,"column":4},"end":{"line":212,"column":58}},"77":{"start":{"line":215,"column":2},"end":{"line":245,"column":3}},"78":{"start":{"line":216,"column":16},"end":{"line":239,"column":5}},"79":{"start":{"line":241,"column":21},"end":{"line":241,"column":48}},"80":{"start":{"line":242,"column":4},"end":{"line":242,"column":31}},"81":{"start":{"line":244,"column":4},"end":{"line":244,"column":14}},"82":{"start":{"line":248,"column":0},"end":{"line":271,"column":3}},"83":{"start":{"line":249,"column":2},"end":{"line":251,"column":3}},"84":{"start":{"line":250,"column":4},"end":{"line":250,"column":63}},"85":{"start":{"line":253,"column":2},"end":{"line":255,"column":3}},"86":{"start":{"line":254,"column":4},"end":{"line":254,"column":75}},"87":{"start":{"line":257,"column":14},"end":{"line":257,"column":85}},"88":{"start":{"line":259,"column":25},"end":{"line":259,"column":41}},"89":{"start":{"line":260,"column":27},"end":{"line":260,"column":95}},"90":{"start":{"line":262,"column":2},"end":{"line":270,"column":5}},"91":{"start":{"line":274,"column":0},"end":{"line":304,"column":3}},"92":{"start":{"line":275,"column":20},"end":{"line":275,"column":54}},"93":{"start":{"line":276,"column":21},"end":{"line":276,"column":29}},"94":{"start":{"line":278,"column":2},"end":{"line":280,"column":3}},"95":{"start":{"line":279,"column":4},"end":{"line":279,"column":63}},"96":{"start":{"line":282,"column":2},"end":{"line":284,"column":3}},"97":{"start":{"line":283,"column":4},"end":{"line":283,"column":58}},"98":{"start":{"line":286,"column":2},"end":{"line":288,"column":3}},"99":{"start":{"line":287,"column":4},"end":{"line":287,"column":64}},"100":{"start":{"line":290,"column":2},"end":{"line":303,"column":3}},"101":{"start":{"line":291,"column":21},"end":{"line":294,"column":5}},"102":{"start":{"line":296,"column":4},"end":{"line":298,"column":5}},"103":{"start":{"line":297,"column":6},"end":{"line":297,"column":69}},"104":{"start":{"line":300,"column":4},"end":{"line":300,"column":34}},"105":{"start":{"line":302,"column":4},"end":{"line":302,"column":14}},"106":{"start":{"line":307,"column":0},"end":{"line":355,"column":3}},"107":{"start":{"line":308,"column":20},"end":{"line":308,"column":54}},"108":{"start":{"line":310,"column":2},"end":{"line":312,"column":3}},"109":{"start":{"line":311,"column":4},"end":{"line":311,"column":63}},"110":{"start":{"line":314,"column":2},"end":{"line":316,"column":3}},"111":{"start":{"line":315,"column":4},"end":{"line":315,"column":75}},"112":{"start":{"line":318,"column":2},"end":{"line":354,"column":3}},"113":{"start":{"line":320,"column":21},"end":{"line":323,"column":5}},"114":{"start":{"line":325,"column":4},"end":{"line":327,"column":5}},"115":{"start":{"line":326,"column":6},"end":{"line":326,"column":69}},"116":{"start":{"line":329,"column":20},"end":{"line":329,"column":27}},"117":{"start":{"line":330,"column":20},"end":{"line":330,"column":71}},"118":{"start":{"line":331,"column":25},"end":{"line":331,"column":72}},"119":{"start":{"line":333,"column":4},"end":{"line":335,"column":5}},"120":{"start":{"line":334,"column":6},"end":{"line":334,"column":60}},"121":{"start":{"line":338,"column":16},"end":{"line":343,"column":5}},"122":{"start":{"line":346,"column":4},"end":{"line":349,"column":6}},"123":{"start":{"line":351,"column":4},"end":{"line":351,"column":65}},"124":{"start":{"line":353,"column":4},"end":{"line":353,"column":14}},"125":{"start":{"line":358,"column":0},"end":{"line":394,"column":3}},"126":{"start":{"line":359,"column":20},"end":{"line":359,"column":54}},"127":{"start":{"line":361,"column":2},"end":{"line":363,"column":3}},"128":{"start":{"line":362,"column":4},"end":{"line":362,"column":63}},"129":{"start":{"line":365,"column":2},"end":{"line":393,"column":3}},"130":{"start":{"line":366,"column":21},"end":{"line":369,"column":5}},"131":{"start":{"line":371,"column":4},"end":{"line":373,"column":5}},"132":{"start":{"line":372,"column":6},"end":{"line":372,"column":69}},"133":{"start":{"line":375,"column":20},"end":{"line":375,"column":27}},"134":{"start":{"line":377,"column":4},"end":{"line":379,"column":5}},"135":{"start":{"line":378,"column":6},"end":{"line":378,"column":74}},"136":{"start":{"line":382,"column":20},"end":{"line":382,"column":71}},"137":{"start":{"line":383,"column":25},"end":{"line":383,"column":72}},"138":{"start":{"line":385,"column":4},"end":{"line":387,"column":5}},"139":{"start":{"line":386,"column":6},"end":{"line":386,"column":60}},"140":{"start":{"line":389,"column":16},"end":{"line":389,"column":56}},"141":{"start":{"line":390,"column":4},"end":{"line":390,"column":34}},"142":{"start":{"line":392,"column":4},"end":{"line":392,"column":14}},"143":{"start":{"line":396,"column":0},"end":{"line":396,"column":24}}},"fnMap":{"0":{"name":"(anonymous_0)","decl":{"start":{"line":40,"column":27},"end":{"line":40,"column":28}},"loc":{"start":{"line":41,"column":2},"end":{"line":41,"column":43}},"line":41},"1":{"name":"normalizeMethod","decl":{"start":{"line":43,"column":9},"end":{"line":43,"column":24}},"loc":{"start":{"line":43,"column":30},"end":{"line":47,"column":1}},"line":43},"2":{"name":"normalizeBank","decl":{"start":{"line":49,"column":9},"end":{"line":49,"column":22}},"loc":{"start":{"line":49,"column":39},"end":{"line":61,"column":1}},"line":49},"3":{"name":"(anonymous_3)","decl":{"start":{"line":52,"column":31},"end":{"line":52,"column":32}},"loc":{"start":{"line":52,"column":41},"end":{"line":52,"column":69}},"line":52},"4":{"name":"(anonymous_4)","decl":{"start":{"line":57,"column":4},"end":{"line":57,"column":5}},"loc":{"start":{"line":57,"column":14},"end":{"line":57,"column":86}},"line":57},"5":{"name":"(anonymous_5)","decl":{"start":{"line":66,"column":14},"end":{"line":66,"column":15}},"loc":{"start":{"line":66,"column":34},"end":{"line":72,"column":3}},"line":66},"6":{"name":"(anonymous_6)","decl":{"start":{"line":76,"column":32},"end":{"line":76,"column":33}},"loc":{"start":{"line":76,"column":58},"end":{"line":88,"column":1}},"line":76},"7":{"name":"(anonymous_7)","decl":{"start":{"line":91,"column":30},"end":{"line":91,"column":31}},"loc":{"start":{"line":91,"column":56},"end":{"line":133,"column":1}},"line":91},"8":{"name":"(anonymous_8)","decl":{"start":{"line":136,"column":17},"end":{"line":136,"column":18}},"loc":{"start":{"line":136,"column":43},"end":{"line":202,"column":1}},"line":136},"9":{"name":"(anonymous_9)","decl":{"start":{"line":206,"column":32},"end":{"line":206,"column":33}},"loc":{"start":{"line":206,"column":58},"end":{"line":246,"column":1}},"line":206},"10":{"name":"(anonymous_10)","decl":{"start":{"line":248,"column":58},"end":{"line":248,"column":59}},"loc":{"start":{"line":248,"column":78},"end":{"line":271,"column":1}},"line":248},"11":{"name":"(anonymous_11)","decl":{"start":{"line":274,"column":35},"end":{"line":274,"column":36}},"loc":{"start":{"line":274,"column":61},"end":{"line":304,"column":1}},"line":274},"12":{"name":"(anonymous_12)","decl":{"start":{"line":307,"column":61},"end":{"line":307,"column":62}},"loc":{"start":{"line":307,"column":87},"end":{"line":355,"column":1}},"line":307},"13":{"name":"(anonymous_13)","decl":{"start":{"line":358,"column":34},"end":{"line":358,"column":35}},"loc":{"start":{"line":358,"column":60},"end":{"line":394,"column":1}},"line":358}},"branchMap":{"0":{"loc":{"start":{"line":44,"column":2},"end":{"line":44,"column":24}},"type":"if","locations":[{"start":{"line":44,"column":2},"end":{"line":44,"column":24}},{"start":{},"end":{}}],"line":44},"1":{"loc":{"start":{"line":46,"column":9},"end":{"line":46,"column":36}},"type":"binary-expr","locations":[{"start":{"line":46,"column":9},"end":{"line":46,"column":28}},{"start":{"line":46,"column":32},"end":{"line":46,"column":36}}],"line":46},"2":{"loc":{"start":{"line":50,"column":2},"end":{"line":50,"column":24}},"type":"if","locations":[{"start":{"line":50,"column":2},"end":{"line":50,"column":24}},{"start":{},"end":{}}],"line":50},"3":{"loc":{"start":{"line":54,"column":2},"end":{"line":54,"column":26}},"type":"if","locations":[{"start":{"line":54,"column":2},"end":{"line":54,"column":26}},{"start":{},"end":{}}],"line":54},"4":{"loc":{"start":{"line":57,"column":14},"end":{"line":57,"column":86}},"type":"binary-expr","locations":[{"start":{"line":57,"column":14},"end":{"line":57,"column":48}},{"start":{"line":57,"column":52},"end":{"line":57,"column":86}}],"line":57},"5":{"loc":{"start":{"line":60,"column":9},"end":{"line":60,"column":24}},"type":"binary-expr","locations":[{"start":{"line":60,"column":9},"end":{"line":60,"column":16}},{"start":{"line":60,"column":20},"end":{"line":60,"column":24}}],"line":60},"6":{"loc":{"start":{"line":67,"column":4},"end":{"line":71,"column":5}},"type":"if","locations":[{"start":{"line":67,"column":4},"end":{"line":71,"column":5}},{"start":{"line":69,"column":11},"end":{"line":71,"column":5}}],"line":67},"7":{"loc":{"start":{"line":67,"column":8},"end":{"line":67,"column":81}},"type":"binary-expr","locations":[{"start":{"line":67,"column":8},"end":{"line":67,"column":42}},{"start":{"line":67,"column":46},"end":{"line":67,"column":81}}],"line":67},"8":{"loc":{"start":{"line":94,"column":2},"end":{"line":96,"column":3}},"type":"if","locations":[{"start":{"line":94,"column":2},"end":{"line":96,"column":3}},{"start":{},"end":{}}],"line":94},"9":{"loc":{"start":{"line":101,"column":2},"end":{"line":103,"column":3}},"type":"if","locations":[{"start":{"line":101,"column":2},"end":{"line":103,"column":3}},{"start":{},"end":{}}],"line":101},"10":{"loc":{"start":{"line":101,"column":6},"end":{"line":101,"column":47}},"type":"binary-expr","locations":[{"start":{"line":101,"column":6},"end":{"line":101,"column":30}},{"start":{"line":101,"column":34},"end":{"line":101,"column":47}}],"line":101},"11":{"loc":{"start":{"line":137,"column":2},"end":{"line":139,"column":3}},"type":"if","locations":[{"start":{"line":137,"column":2},"end":{"line":139,"column":3}},{"start":{},"end":{}}],"line":137},"12":{"loc":{"start":{"line":137,"column":6},"end":{"line":137,"column":47}},"type":"binary-expr","locations":[{"start":{"line":137,"column":6},"end":{"line":137,"column":30}},{"start":{"line":137,"column":34},"end":{"line":137,"column":47}}],"line":137},"13":{"loc":{"start":{"line":155,"column":2},"end":{"line":157,"column":3}},"type":"if","locations":[{"start":{"line":155,"column":2},"end":{"line":157,"column":3}},{"start":{},"end":{}}],"line":155},"14":{"loc":{"start":{"line":182,"column":4},"end":{"line":187,"column":5}},"type":"if","locations":[{"start":{"line":182,"column":4},"end":{"line":187,"column":5}},{"start":{},"end":{}}],"line":182},"15":{"loc":{"start":{"line":207,"column":2},"end":{"line":209,"column":3}},"type":"if","locations":[{"start":{"line":207,"column":2},"end":{"line":209,"column":3}},{"start":{},"end":{}}],"line":207},"16":{"loc":{"start":{"line":211,"column":2},"end":{"line":213,"column":3}},"type":"if","locations":[{"start":{"line":211,"column":2},"end":{"line":213,"column":3}},{"start":{},"end":{}}],"line":211},"17":{"loc":{"start":{"line":249,"column":2},"end":{"line":251,"column":3}},"type":"if","locations":[{"start":{"line":249,"column":2},"end":{"line":251,"column":3}},{"start":{},"end":{}}],"line":249},"18":{"loc":{"start":{"line":253,"column":2},"end":{"line":255,"column":3}},"type":"if","locations":[{"start":{"line":253,"column":2},"end":{"line":255,"column":3}},{"start":{},"end":{}}],"line":253},"19":{"loc":{"start":{"line":260,"column":27},"end":{"line":260,"column":95}},"type":"cond-expr","locations":[{"start":{"line":260,"column":74},"end":{"line":260,"column":88}},{"start":{"line":260,"column":91},"end":{"line":260,"column":95}}],"line":260},"20":{"loc":{"start":{"line":263,"column":12},"end":{"line":263,"column":58}},"type":"cond-expr","locations":[{"start":{"line":263,"column":33},"end":{"line":263,"column":51}},{"start":{"line":263,"column":54},"end":{"line":263,"column":58}}],"line":263},"21":{"loc":{"start":{"line":264,"column":10},"end":{"line":264,"column":26}},"type":"binary-expr","locations":[{"start":{"line":264,"column":10},"end":{"line":264,"column":18}},{"start":{"line":264,"column":22},"end":{"line":264,"column":26}}],"line":264},"22":{"loc":{"start":{"line":265,"column":15},"end":{"line":265,"column":36}},"type":"binary-expr","locations":[{"start":{"line":265,"column":15},"end":{"line":265,"column":28}},{"start":{"line":265,"column":32},"end":{"line":265,"column":36}}],"line":265},"23":{"loc":{"start":{"line":278,"column":2},"end":{"line":280,"column":3}},"type":"if","locations":[{"start":{"line":278,"column":2},"end":{"line":280,"column":3}},{"start":{},"end":{}}],"line":278},"24":{"loc":{"start":{"line":282,"column":2},"end":{"line":284,"column":3}},"type":"if","locations":[{"start":{"line":282,"column":2},"end":{"line":284,"column":3}},{"start":{},"end":{}}],"line":282},"25":{"loc":{"start":{"line":286,"column":2},"end":{"line":288,"column":3}},"type":"if","locations":[{"start":{"line":286,"column":2},"end":{"line":288,"column":3}},{"start":{},"end":{}}],"line":286},"26":{"loc":{"start":{"line":296,"column":4},"end":{"line":298,"column":5}},"type":"if","locations":[{"start":{"line":296,"column":4},"end":{"line":298,"column":5}},{"start":{},"end":{}}],"line":296},"27":{"loc":{"start":{"line":310,"column":2},"end":{"line":312,"column":3}},"type":"if","locations":[{"start":{"line":310,"column":2},"end":{"line":312,"column":3}},{"start":{},"end":{}}],"line":310},"28":{"loc":{"start":{"line":314,"column":2},"end":{"line":316,"column":3}},"type":"if","locations":[{"start":{"line":314,"column":2},"end":{"line":316,"column":3}},{"start":{},"end":{}}],"line":314},"29":{"loc":{"start":{"line":325,"column":4},"end":{"line":327,"column":5}},"type":"if","locations":[{"start":{"line":325,"column":4},"end":{"line":327,"column":5}},{"start":{},"end":{}}],"line":325},"30":{"loc":{"start":{"line":333,"column":4},"end":{"line":335,"column":5}},"type":"if","locations":[{"start":{"line":333,"column":4},"end":{"line":335,"column":5}},{"start":{},"end":{}}],"line":333},"31":{"loc":{"start":{"line":333,"column":8},"end":{"line":333,"column":33}},"type":"binary-expr","locations":[{"start":{"line":333,"column":8},"end":{"line":333,"column":16}},{"start":{"line":333,"column":20},"end":{"line":333,"column":33}}],"line":333},"32":{"loc":{"start":{"line":361,"column":2},"end":{"line":363,"column":3}},"type":"if","locations":[{"start":{"line":361,"column":2},"end":{"line":363,"column":3}},{"start":{},"end":{}}],"line":361},"33":{"loc":{"start":{"line":371,"column":4},"end":{"line":373,"column":5}},"type":"if","locations":[{"start":{"line":371,"column":4},"end":{"line":373,"column":5}},{"start":{},"end":{}}],"line":371},"34":{"loc":{"start":{"line":377,"column":4},"end":{"line":379,"column":5}},"type":"if","locations":[{"start":{"line":377,"column":4},"end":{"line":379,"column":5}},{"start":{},"end":{}}],"line":377},"35":{"loc":{"start":{"line":385,"column":4},"end":{"line":387,"column":5}},"type":"if","locations":[{"start":{"line":385,"column":4},"end":{"line":387,"column":5}},{"start":{},"end":{}}],"line":385},"36":{"loc":{"start":{"line":385,"column":8},"end":{"line":385,"column":33}},"type":"binary-expr","locations":[{"start":{"line":385,"column":8},"end":{"line":385,"column":16}},{"start":{"line":385,"column":20},"end":{"line":385,"column":33}}],"line":385}},"s":{"0":1,"1":1,"2":1,"3":1,"4":1,"5":1,"6":1,"7":1,"8":1,"9":1,"10":5,"11":3,"12":1,"13":2,"14":2,"15":3,"16":1,"17":2,"18":2,"19":34,"20":2,"21":0,"22":2,"23":3,"24":2,"25":1,"26":4,"27":4,"28":0,"29":1,"30":0,"31":0,"32":0,"33":0,"34":0,"35":1,"36":1,"37":1,"38":0,"39":1,"40":1,"41":1,"42":0,"43":1,"44":1,"45":1,"46":1,"47":0,"48":1,"49":6,"50":1,"51":5,"52":5,"53":2,"54":3,"55":3,"56":3,"57":3,"58":3,"59":3,"60":39,"61":18,"62":18,"63":18,"64":18,"65":3,"66":3,"67":3,"68":3,"69":3,"70":3,"71":0,"72":1,"73":1,"74":0,"75":1,"76":0,"77":1,"78":1,"79":1,"80":1,"81":0,"82":1,"83":5,"84":1,"85":4,"86":1,"87":3,"88":3,"89":3,"90":3,"91":1,"92":0,"93":0,"94":0,"95":0,"96":0,"97":0,"98":0,"99":0,"100":0,"101":0,"102":0,"103":0,"104":0,"105":0,"106":1,"107":0,"108":0,"109":0,"110":0,"111":0,"112":0,"113":0,"114":0,"115":0,"116":0,"117":0,"118":0,"119":0,"120":0,"121":0,"122":0,"123":0,"124":0,"125":1,"126":0,"127":0,"128":0,"129":0,"130":0,"131":0,"132":0,"133":0,"134":0,"135":0,"136":0,"137":0,"138":0,"139":0,"140":0,"141":0,"142":0,"143":1},"f":{"0":5,"1":3,"2":3,"3":34,"4":3,"5":4,"6":0,"7":1,"8":6,"9":1,"10":5,"11":0,"12":0,"13":0},"b":{"0":[1,2],"1":[2,0],"2":[1,2],"3":[0,2],"4":[3,1],"5":[2,0],"6":[4,0],"7":[4,0],"8":[0,1],"9":[0,1],"10":[1,0],"11":[1,5],"12":[6,5],"13":[2,3],"14":[18,21],"15":[0,1],"16":[0,1],"17":[1,4],"18":[1,3],"19":[0,3],"20":[2,1],"21":[3,2],"22":[3,1],"23":[0,0],"24":[0,0],"25":[0,0],"26":[0,0],"27":[0,0],"28":[0,0],"29":[0,0],"30":[0,0],"31":[0,0],"32":[0,0],"33":[0,0],"34":[0,0],"35":[0,0],"36":[0,0]},"_coverageSchema":"1a1c01bbd47fc00a2c39e90264f33305004495a9","hash":"fda087e32586d028d6ff1f1373b531af0b85a263"}
}
