TN:
SF:routes/payments.js
FN:40,(anonymous_0)
FN:43,normalizeMethod
FN:49,normalizeBank
FN:52,(anonymous_3)
FN:57,(anonymous_4)
FN:66,(anonymous_5)
FN:76,(anonymous_6)
FN:91,(anonymous_7)
FN:136,(anonymous_8)
FN:206,(anonymous_9)
FN:248,(anonymous_10)
FN:274,(anonymous_11)
FN:307,(anonymous_12)
FN:358,(anonymous_13)
FNF:14
FNH:10
FNDA:5,(anonymous_0)
FNDA:3,normalizeMethod
FNDA:3,normalizeBank
FNDA:34,(anonymous_3)
FNDA:3,(anonymous_4)
FNDA:4,(anonymous_5)
FNDA:0,(anonymous_6)
FNDA:1,(anonymous_7)
FNDA:6,(anonymous_8)
FNDA:1,(anonymous_9)
FNDA:5,(anonymous_10)
FNDA:0,(anonymous_11)
FNDA:0,(anonymous_12)
FNDA:0,(anonymous_13)
DA:1,1
DA:2,1
DA:3,1
DA:4,1
DA:5,1
DA:6,1
DA:8,1
DA:9,1
DA:28,1
DA:40,1
DA:41,5
DA:44,3
DA:45,2
DA:46,2
DA:50,3
DA:51,2
DA:52,34
DA:54,2
DA:56,2
DA:57,3
DA:60,2
DA:63,1
DA:67,4
DA:68,4
DA:70,0
DA:76,1
DA:77,0
DA:79,0
DA:80,0
DA:84,0
DA:86,0
DA:91,1
DA:92,1
DA:94,1
DA:95,0
DA:98,1
DA:99,1
DA:101,1
DA:102,0
DA:105,1
DA:106,1
DA:128,1
DA:129,1
DA:131,0
DA:136,1
DA:137,6
DA:138,1
DA:153,5
DA:155,5
DA:156,2
DA:159,3
DA:160,3
DA:161,3
DA:162,3
DA:165,3
DA:181,3
DA:182,39
DA:183,18
DA:184,18
DA:185,18
DA:186,18
DA:191,3
DA:192,3
DA:194,3
DA:196,3
DA:197,3
DA:198,3
DA:200,0
DA:206,1
DA:207,1
DA:208,0
DA:211,1
DA:212,0
DA:215,1
DA:216,1
DA:241,1
DA:242,1
DA:244,0
DA:248,1
DA:249,5
DA:250,1
DA:253,4
DA:254,1
DA:257,3
DA:259,3
DA:260,3
DA:262,3
DA:274,1
DA:275,0
DA:276,0
DA:278,0
DA:279,0
DA:282,0
DA:283,0
DA:286,0
DA:287,0
DA:290,0
DA:291,0
DA:296,0
DA:297,0
DA:300,0
DA:302,0
DA:307,1
DA:308,0
DA:310,0
DA:311,0
DA:314,0
DA:315,0
DA:318,0
DA:320,0
DA:325,0
DA:326,0
DA:329,0
DA:330,0
DA:331,0
DA:333,0
DA:334,0
DA:338,0
DA:346,0
DA:351,0
DA:353,0
DA:358,1
DA:359,0
DA:361,0
DA:362,0
DA:365,0
DA:366,0
DA:371,0
DA:372,0
DA:375,0
DA:377,0
DA:378,0
DA:382,0
DA:383,0
DA:385,0
DA:386,0
DA:389,0
DA:390,0
DA:392,0
DA:396,1
LF:140
LH:78
BRDA:44,0,0,1
BRDA:44,0,1,2
BRDA:46,1,0,2
BRDA:46,1,1,0
BRDA:50,2,0,1
BRDA:50,2,1,2
BRDA:54,3,0,0
BRDA:54,3,1,2
BRDA:57,4,0,3
BRDA:57,4,1,1
BRDA:60,5,0,2
BRDA:60,5,1,0
BRDA:67,6,0,4
BRDA:67,6,1,0
BRDA:67,7,0,4
BRDA:67,7,1,0
BRDA:94,8,0,0
BRDA:94,8,1,1
BRDA:101,9,0,0
BRDA:101,9,1,1
BRDA:101,10,0,1
BRDA:101,10,1,0
BRDA:137,11,0,1
BRDA:137,11,1,5
BRDA:137,12,0,6
BRDA:137,12,1,5
BRDA:155,13,0,2
BRDA:155,13,1,3
BRDA:182,14,0,18
BRDA:182,14,1,21
BRDA:207,15,0,0
BRDA:207,15,1,1
BRDA:211,16,0,0
BRDA:211,16,1,1
BRDA:249,17,0,1
BRDA:249,17,1,4
BRDA:253,18,0,1
BRDA:253,18,1,3
BRDA:260,19,0,0
BRDA:260,19,1,3
BRDA:263,20,0,2
BRDA:263,20,1,1
BRDA:264,21,0,3
BRDA:264,21,1,2
BRDA:265,22,0,3
BRDA:265,22,1,1
BRDA:278,23,0,0
BRDA:278,23,1,0
BRDA:282,24,0,0
BRDA:282,24,1,0
BRDA:286,25,0,0
BRDA:286,25,1,0
BRDA:296,26,0,0
BRDA:296,26,1,0
BRDA:310,27,0,0
BRDA:310,27,1,0
BRDA:314,28,0,0
BRDA:314,28,1,0
BRDA:325,29,0,0
BRDA:325,29,1,0
BRDA:333,30,0,0
BRDA:333,30,1,0
BRDA:333,31,0,0
BRDA:333,31,1,0
BRDA:361,32,0,0
BRDA:361,32,1,0
BRDA:371,33,0,0
BRDA:371,33,1,0
BRDA:377,34,0,0
BRDA:377,34,1,0
BRDA:385,35,0,0
BRDA:385,35,1,0
BRDA:385,36,0,0
BRDA:385,36,1,0
BRF:74
BRH:35
end_of_record
